2025-11-13 21:03:32 [main] INFO  c.e.u.H.i.HumanSolutionApplication - Starting HumanSolutionApplication using Java 25 with PID 17836 (C:\DB5Z3R0UL3D ZL\HumanSolutionFinal\HumanSolution-FINAL\target\classes started by samue in C:\DB5Z3R0UL3D ZL\HumanSolutionFinal)
2025-11-13 21:03:32 [main] DEBUG c.e.u.H.i.HumanSolutionApplication - Running with Spring Boot v3.2.0, Spring v6.1.1
2025-11-13 21:03:32 [main] INFO  c.e.u.H.i.HumanSolutionApplication - No active profile set, falling back to 1 default profile: "default"
2025-11-13 21:03:33 [main] INFO  o.s.d.r.c.RepositoryConfigurationDelegate - Bootstrapping Spring Data JPA repositories in DEFAULT mode.
2025-11-13 21:03:33 [main] INFO  o.s.d.r.c.RepositoryConfigurationDelegate - Finished Spring Data repository scanning in 12 ms. Found 0 JPA repository interfaces.
2025-11-13 21:03:34 [main] INFO  o.s.b.w.e.tomcat.TomcatWebServer - Tomcat initialized with port 8080 (http)
2025-11-13 21:03:34 [main] INFO  o.a.coyote.http11.Http11NioProtocol - Initializing ProtocolHandler ["http-nio-8080"]
2025-11-13 21:03:34 [main] INFO  o.a.catalina.core.StandardService - Starting service [Tomcat]
2025-11-13 21:03:34 [main] INFO  o.a.catalina.core.StandardEngine - Starting Servlet engine: [Apache Tomcat/10.1.16]
2025-11-13 21:03:34 [main] INFO  o.a.c.c.C.[Tomcat].[localhost].[/] - Initializing Spring embedded WebApplicationContext
2025-11-13 21:03:34 [main] INFO  o.s.b.w.s.c.ServletWebServerApplicationContext - Root WebApplicationContext: initialization completed in 1285 ms
2025-11-13 21:03:34 [main] INFO  o.h.jpa.internal.util.LogHelper - HHH000204: Processing PersistenceUnitInfo [name: default]
2025-11-13 21:03:34 [main] INFO  org.hibernate.Version - HHH000412: Hibernate ORM core version 6.3.1.Final
2025-11-13 21:03:34 [main] INFO  o.h.c.i.RegionFactoryInitiator - HHH000026: Second-level cache disabled
2025-11-13 21:03:34 [main] INFO  o.s.o.j.p.SpringPersistenceUnitInfo - No LoadTimeWeaver setup: ignoring JPA class transformer
2025-11-13 21:03:34 [main] INFO  com.zaxxer.hikari.HikariDataSource - HikariPool-1 - Starting...
2025-11-13 21:03:34 [main] INFO  com.zaxxer.hikari.pool.HikariPool - HikariPool-1 - Added connection org.postgresql.jdbc.PgConnection@6ee37ca7
2025-11-13 21:03:34 [main] INFO  com.zaxxer.hikari.HikariDataSource - HikariPool-1 - Start completed.
2025-11-13 21:03:34 [main] WARN  org.hibernate.orm.deprecation - HHH90000025: PostgreSQLDialect does not need to be specified explicitly using 'hibernate.dialect' (remove the property setting and it will be selected by default)
2025-11-13 21:03:35 [main] INFO  o.h.e.t.j.p.i.JtaPlatformInitiator - HHH000489: No JTA platform available (set 'hibernate.transaction.jta.platform' to enable JTA platform integration)
2025-11-13 21:03:35 [main] INFO  o.s.o.j.LocalContainerEntityManagerFactoryBean - Initialized JPA EntityManagerFactory for persistence unit 'default'
2025-11-13 21:03:35 [main] DEBUG o.s.w.s.m.m.a.RequestMappingHandlerMapping - 18 mappings in 'requestMappingHandlerMapping'
2025-11-13 21:03:35 [main] DEBUG o.s.w.s.h.SimpleUrlHandlerMapping - Patterns [/webjars/**, /**] in 'resourceHandlerMapping'
2025-11-13 21:03:35 [main] DEBUG o.s.w.s.m.m.a.RequestMappingHandlerAdapter - ControllerAdvice beans: 0 @ModelAttribute, 0 @InitBinder, 1 RequestBodyAdvice, 1 ResponseBodyAdvice
2025-11-13 21:03:35 [main] DEBUG o.s.w.s.m.m.a.ExceptionHandlerExceptionResolver - ControllerAdvice beans: 1 @ExceptionHandler, 1 ResponseBodyAdvice
2025-11-13 21:03:35 [main] INFO  o.a.coyote.http11.Http11NioProtocol - Starting ProtocolHandler ["http-nio-8080"]
2025-11-13 21:03:35 [main] INFO  o.s.b.w.e.tomcat.TomcatWebServer - Tomcat started on port 8080 (http) with context path ''
2025-11-13 21:03:35 [main] INFO  c.e.u.H.i.HumanSolutionApplication - Started HumanSolutionApplication in 3.124 seconds (process running for 3.958)
2025-11-13 21:03:45 [http-nio-8080-exec-1] INFO  o.a.c.c.C.[Tomcat].[localhost].[/] - Initializing Spring DispatcherServlet 'dispatcherServlet'
2025-11-13 21:03:45 [http-nio-8080-exec-1] INFO  o.s.web.servlet.DispatcherServlet - Initializing Servlet 'dispatcherServlet'
2025-11-13 21:03:45 [http-nio-8080-exec-1] DEBUG o.s.web.servlet.DispatcherServlet - Detected StandardServletMultipartResolver
2025-11-13 21:03:45 [http-nio-8080-exec-1] DEBUG o.s.web.servlet.DispatcherServlet - Detected AcceptHeaderLocaleResolver
2025-11-13 21:03:45 [http-nio-8080-exec-1] DEBUG o.s.web.servlet.DispatcherServlet - Detected FixedThemeResolver
2025-11-13 21:03:45 [http-nio-8080-exec-1] DEBUG o.s.web.servlet.DispatcherServlet - Detected org.springframework.web.servlet.view.DefaultRequestToViewNameTranslator@3dd750ba
2025-11-13 21:03:45 [http-nio-8080-exec-1] DEBUG o.s.web.servlet.DispatcherServlet - Detected org.springframework.web.servlet.support.SessionFlashMapManager@4b9f7edc
2025-11-13 21:03:45 [http-nio-8080-exec-1] DEBUG o.s.web.servlet.DispatcherServlet - enableLoggingRequestDetails='false': request parameters and headers will be masked to prevent unsafe logging of potentially sensitive data
2025-11-13 21:03:45 [http-nio-8080-exec-1] INFO  o.s.web.servlet.DispatcherServlet - Completed initialization in 2 ms
2025-11-13 21:03:45 [http-nio-8080-exec-1] DEBUG o.s.web.servlet.DispatcherServlet - GET "/api/v1/usuarios", parameters={}
2025-11-13 21:03:45 [http-nio-8080-exec-1] DEBUG o.s.w.s.m.m.a.RequestMappingHandlerMapping - Mapped to co.edu.uco.HumanSolution.controller.UsuarioController#list()
2025-11-13 21:03:45 [http-nio-8080-exec-1] DEBUG o.s.w.s.m.m.a.HttpEntityMethodProcessor - Using 'application/json', given [application/json, text/plain, */*] and supported [application/json, application/*+json]
2025-11-13 21:03:45 [http-nio-8080-exec-1] DEBUG o.s.w.s.m.m.a.HttpEntityMethodProcessor - Writing [[UsuarioDTO{id='0eac9a01-9b08-4389-95ab-24a70c43dde2', documento='10408714473', nombre='dd', correo= (truncated)...]
2025-11-13 21:03:45 [http-nio-8080-exec-1] DEBUG o.s.web.servlet.DispatcherServlet - Completed 200 OK
2025-11-13 21:03:46 [http-nio-8080-exec-2] DEBUG o.s.web.servlet.DispatcherServlet - GET "/api/v1/usuarios", parameters={}
2025-11-13 21:03:46 [http-nio-8080-exec-2] DEBUG o.s.w.s.m.m.a.RequestMappingHandlerMapping - Mapped to co.edu.uco.HumanSolution.controller.UsuarioController#list()
2025-11-13 21:03:46 [http-nio-8080-exec-2] DEBUG o.s.w.s.m.m.a.HttpEntityMethodProcessor - Using 'application/json', given [application/json, text/plain, */*] and supported [application/json, application/*+json]
2025-11-13 21:03:46 [http-nio-8080-exec-2] DEBUG o.s.w.s.m.m.a.HttpEntityMethodProcessor - Writing [[UsuarioDTO{id='0eac9a01-9b08-4389-95ab-24a70c43dde2', documento='10408714473', nombre='dd', correo= (truncated)...]
2025-11-13 21:03:46 [http-nio-8080-exec-2] DEBUG o.s.web.servlet.DispatcherServlet - Completed 200 OK
2025-11-13 21:04:22 [http-nio-8080-exec-3] DEBUG o.s.web.servlet.DispatcherServlet - OPTIONS "/api/v1/evaluaciones-desempeno", parameters={}
2025-11-13 21:04:22 [http-nio-8080-exec-3] DEBUG o.s.w.s.m.m.a.RequestMappingHandlerMapping - Mapped to co.edu.uco.HumanSolution.controller.EvaluacionDesempenoController#create(EvaluacionDesempenoDTO)
2025-11-13 21:04:22 [http-nio-8080-exec-3] DEBUG o.s.web.servlet.DispatcherServlet - Completed 200 OK
2025-11-13 21:04:22 [http-nio-8080-exec-5] DEBUG o.s.web.servlet.DispatcherServlet - POST "/api/v1/evaluaciones-desempeno", parameters={}
2025-11-13 21:04:22 [http-nio-8080-exec-5] DEBUG o.s.w.s.m.m.a.RequestMappingHandlerMapping - Mapped to co.edu.uco.HumanSolution.controller.EvaluacionDesempenoController#create(EvaluacionDesempenoDTO)
2025-11-13 21:04:22 [http-nio-8080-exec-5] DEBUG o.s.w.s.m.m.a.RequestResponseBodyMethodProcessor - Read "application/json;charset=UTF-8" to [EvaluacionDesempenoDTO{id='null', usuario=UsuarioDTO{id='763197db-25ce-420d-beb2-b37f33527ee5', docu (truncated)...]
2025-11-13 21:04:22 [http-nio-8080-exec-5] DEBUG o.s.w.s.m.m.a.HttpEntityMethodProcessor - Using 'application/json', given [application/json, text/plain, */*] and supported [application/json, application/*+json]
2025-11-13 21:04:22 [http-nio-8080-exec-5] DEBUG o.s.w.s.m.m.a.HttpEntityMethodProcessor - Writing [{error=El usuario no tiene contratos registrados}]
2025-11-13 21:04:22 [http-nio-8080-exec-5] DEBUG o.s.web.servlet.DispatcherServlet - Completed 400 BAD_REQUEST
2025-11-13 21:08:19 [http-nio-8080-exec-4] DEBUG o.s.web.servlet.DispatcherServlet - GET "/api/v1/usuarios", parameters={}
2025-11-13 21:08:19 [http-nio-8080-exec-4] DEBUG o.s.w.s.m.m.a.RequestMappingHandlerMapping - Mapped to co.edu.uco.HumanSolution.controller.UsuarioController#list()
2025-11-13 21:08:19 [http-nio-8080-exec-4] DEBUG o.s.w.s.m.m.a.HttpEntityMethodProcessor - Using 'application/json', given [application/json, text/plain, */*] and supported [application/json, application/*+json]
2025-11-13 21:08:19 [http-nio-8080-exec-4] DEBUG o.s.w.s.m.m.a.HttpEntityMethodProcessor - Writing [[UsuarioDTO{id='0eac9a01-9b08-4389-95ab-24a70c43dde2', documento='10408714473', nombre='dd', correo= (truncated)...]
2025-11-13 21:08:19 [http-nio-8080-exec-4] DEBUG o.s.web.servlet.DispatcherServlet - Completed 200 OK
2025-11-13 21:08:20 [http-nio-8080-exec-7] DEBUG o.s.web.servlet.DispatcherServlet - GET "/api/v1/usuarios", parameters={}
2025-11-13 21:08:20 [http-nio-8080-exec-7] DEBUG o.s.w.s.m.m.a.RequestMappingHandlerMapping - Mapped to co.edu.uco.HumanSolution.controller.UsuarioController#list()
2025-11-13 21:08:20 [http-nio-8080-exec-7] DEBUG o.s.w.s.m.m.a.HttpEntityMethodProcessor - Using 'application/json', given [application/json, text/plain, */*] and supported [application/json, application/*+json]
2025-11-13 21:08:20 [http-nio-8080-exec-7] DEBUG o.s.w.s.m.m.a.HttpEntityMethodProcessor - Writing [[UsuarioDTO{id='0eac9a01-9b08-4389-95ab-24a70c43dde2', documento='10408714473', nombre='dd', correo= (truncated)...]
2025-11-13 21:08:20 [http-nio-8080-exec-7] DEBUG o.s.web.servlet.DispatcherServlet - Completed 200 OK
2025-11-13 21:15:59 [http-nio-8080-exec-10] DEBUG o.s.web.servlet.DispatcherServlet - POST "/api/v1/evaluaciones-desempeno", parameters={}
2025-11-13 21:15:59 [http-nio-8080-exec-10] DEBUG o.s.w.s.m.m.a.RequestMappingHandlerMapping - Mapped to co.edu.uco.HumanSolution.controller.EvaluacionDesempenoController#create(EvaluacionDesempenoDTO)
2025-11-13 21:15:59 [http-nio-8080-exec-10] DEBUG o.s.w.s.m.m.a.RequestResponseBodyMethodProcessor - Read "application/json;charset=UTF-8" to [EvaluacionDesempenoDTO{id='null', usuario=UsuarioDTO{id='763197db-25ce-420d-beb2-b37f33527ee5', docu (truncated)...]
2025-11-13 21:15:59 [http-nio-8080-exec-10] DEBUG o.s.w.s.m.m.a.HttpEntityMethodProcessor - Using 'application/json', given [application/json, text/plain, */*] and supported [application/json, application/*+json]
2025-11-13 21:15:59 [http-nio-8080-exec-10] DEBUG o.s.w.s.m.m.a.HttpEntityMethodProcessor - Writing [{error=La fecha de evaluación no puede ser futura. Fecha proporcionada: 2025-11-14}]
2025-11-13 21:15:59 [http-nio-8080-exec-10] DEBUG o.s.web.servlet.DispatcherServlet - Completed 400 BAD_REQUEST
2025-11-13 21:16:05 [http-nio-8080-exec-1] DEBUG o.s.web.servlet.DispatcherServlet - POST "/api/v1/evaluaciones-desempeno", parameters={}
2025-11-13 21:16:05 [http-nio-8080-exec-1] DEBUG o.s.w.s.m.m.a.RequestMappingHandlerMapping - Mapped to co.edu.uco.HumanSolution.controller.EvaluacionDesempenoController#create(EvaluacionDesempenoDTO)
2025-11-13 21:16:05 [http-nio-8080-exec-1] DEBUG o.s.w.s.m.m.a.RequestResponseBodyMethodProcessor - Read "application/json;charset=UTF-8" to [EvaluacionDesempenoDTO{id='null', usuario=UsuarioDTO{id='763197db-25ce-420d-beb2-b37f33527ee5', docu (truncated)...]
2025-11-13 21:16:05 [http-nio-8080-exec-1] DEBUG o.s.w.s.m.m.a.HttpEntityMethodProcessor - Using 'application/json', given [application/json, text/plain, */*] and supported [application/json, application/*+json]
2025-11-13 21:16:05 [http-nio-8080-exec-1] DEBUG o.s.w.s.m.m.a.HttpEntityMethodProcessor - Writing [{mensaje=Evaluación de desempeño registrada exitosamente}]
2025-11-13 21:16:05 [http-nio-8080-exec-1] DEBUG o.s.web.servlet.DispatcherServlet - Completed 201 CREATED
2025-11-13 21:16:56 [http-nio-8080-exec-2] DEBUG o.s.web.servlet.DispatcherServlet - POST "/api/v1/evaluaciones-desempeno", parameters={}
2025-11-13 21:16:56 [http-nio-8080-exec-2] DEBUG o.s.w.s.m.m.a.RequestMappingHandlerMapping - Mapped to co.edu.uco.HumanSolution.controller.EvaluacionDesempenoController#create(EvaluacionDesempenoDTO)
2025-11-13 21:16:56 [http-nio-8080-exec-2] DEBUG o.s.w.s.m.m.a.RequestResponseBodyMethodProcessor - Read "application/json;charset=UTF-8" to [EvaluacionDesempenoDTO{id='null', usuario=UsuarioDTO{id='763197db-25ce-420d-beb2-b37f33527ee5', docu (truncated)...]
2025-11-13 21:16:56 [http-nio-8080-exec-2] DEBUG o.s.w.s.m.m.a.HttpEntityMethodProcessor - Using 'application/json', given [application/json, text/plain, */*] and supported [application/json, application/*+json]
2025-11-13 21:16:56 [http-nio-8080-exec-2] DEBUG o.s.w.s.m.m.a.HttpEntityMethodProcessor - Writing [{mensaje=Evaluación de desempeño registrada exitosamente}]
2025-11-13 21:16:56 [http-nio-8080-exec-2] DEBUG o.s.web.servlet.DispatcherServlet - Completed 201 CREATED
2025-11-13 21:23:06 [SpringApplicationShutdownHook] INFO  o.s.o.j.LocalContainerEntityManagerFactoryBean - Closing JPA EntityManagerFactory for persistence unit 'default'
2025-11-13 21:23:06 [SpringApplicationShutdownHook] INFO  com.zaxxer.hikari.HikariDataSource - HikariPool-1 - Shutdown initiated...
2025-11-13 21:23:06 [SpringApplicationShutdownHook] INFO  com.zaxxer.hikari.HikariDataSource - HikariPool-1 - Shutdown completed.
2025-11-13 21:23:15 [main] INFO  c.e.u.H.i.HumanSolutionApplication - Starting HumanSolutionApplication using Java 25 with PID 30360 (C:\DB5Z3R0UL3D ZL\HumanSolutionFinal\HumanSolution-FINAL\target\classes started by samue in C:\DB5Z3R0UL3D ZL\HumanSolutionFinal)
2025-11-13 21:23:15 [main] DEBUG c.e.u.H.i.HumanSolutionApplication - Running with Spring Boot v3.2.0, Spring v6.1.1
2025-11-13 21:23:15 [main] INFO  c.e.u.H.i.HumanSolutionApplication - No active profile set, falling back to 1 default profile: "default"
2025-11-13 21:23:15 [main] INFO  o.s.d.r.c.RepositoryConfigurationDelegate - Bootstrapping Spring Data JPA repositories in DEFAULT mode.
2025-11-13 21:23:15 [main] INFO  o.s.d.r.c.RepositoryConfigurationDelegate - Finished Spring Data repository scanning in 8 ms. Found 0 JPA repository interfaces.
2025-11-13 21:23:16 [main] INFO  o.s.b.w.e.tomcat.TomcatWebServer - Tomcat initialized with port 8080 (http)
2025-11-13 21:23:16 [main] INFO  o.a.coyote.http11.Http11NioProtocol - Initializing ProtocolHandler ["http-nio-8080"]
2025-11-13 21:23:16 [main] INFO  o.a.catalina.core.StandardService - Starting service [Tomcat]
2025-11-13 21:23:16 [main] INFO  o.a.catalina.core.StandardEngine - Starting Servlet engine: [Apache Tomcat/10.1.16]
2025-11-13 21:23:16 [main] INFO  o.a.c.c.C.[Tomcat].[localhost].[/] - Initializing Spring embedded WebApplicationContext
2025-11-13 21:23:16 [main] INFO  o.s.b.w.s.c.ServletWebServerApplicationContext - Root WebApplicationContext: initialization completed in 952 ms
2025-11-13 21:23:16 [main] INFO  o.h.jpa.internal.util.LogHelper - HHH000204: Processing PersistenceUnitInfo [name: default]
2025-11-13 21:23:16 [main] INFO  org.hibernate.Version - HHH000412: Hibernate ORM core version 6.3.1.Final
2025-11-13 21:23:16 [main] INFO  o.h.c.i.RegionFactoryInitiator - HHH000026: Second-level cache disabled
2025-11-13 21:23:16 [main] INFO  o.s.o.j.p.SpringPersistenceUnitInfo - No LoadTimeWeaver setup: ignoring JPA class transformer
2025-11-13 21:23:16 [main] INFO  com.zaxxer.hikari.HikariDataSource - HikariPool-1 - Starting...
2025-11-13 21:23:16 [main] INFO  com.zaxxer.hikari.pool.HikariPool - HikariPool-1 - Added connection org.postgresql.jdbc.PgConnection@4f235e8e
2025-11-13 21:23:16 [main] INFO  com.zaxxer.hikari.HikariDataSource - HikariPool-1 - Start completed.
2025-11-13 21:23:16 [main] WARN  org.hibernate.orm.deprecation - HHH90000025: PostgreSQLDialect does not need to be specified explicitly using 'hibernate.dialect' (remove the property setting and it will be selected by default)
2025-11-13 21:23:17 [main] INFO  o.h.e.t.j.p.i.JtaPlatformInitiator - HHH000489: No JTA platform available (set 'hibernate.transaction.jta.platform' to enable JTA platform integration)
2025-11-13 21:23:17 [main] INFO  o.s.o.j.LocalContainerEntityManagerFactoryBean - Initialized JPA EntityManagerFactory for persistence unit 'default'
2025-11-13 21:23:17 [main] DEBUG o.s.w.s.m.m.a.RequestMappingHandlerMapping - 18 mappings in 'requestMappingHandlerMapping'
2025-11-13 21:23:17 [main] DEBUG o.s.w.s.h.SimpleUrlHandlerMapping - Patterns [/webjars/**, /**] in 'resourceHandlerMapping'
2025-11-13 21:23:17 [main] DEBUG o.s.w.s.m.m.a.RequestMappingHandlerAdapter - ControllerAdvice beans: 0 @ModelAttribute, 0 @InitBinder, 1 RequestBodyAdvice, 1 ResponseBodyAdvice
2025-11-13 21:23:17 [main] DEBUG o.s.w.s.m.m.a.ExceptionHandlerExceptionResolver - ControllerAdvice beans: 1 @ExceptionHandler, 1 ResponseBodyAdvice
2025-11-13 21:23:17 [main] INFO  o.a.coyote.http11.Http11NioProtocol - Starting ProtocolHandler ["http-nio-8080"]
2025-11-13 21:23:17 [main] INFO  o.s.b.w.e.tomcat.TomcatWebServer - Tomcat started on port 8080 (http) with context path ''
2025-11-13 21:23:17 [main] INFO  c.e.u.H.i.HumanSolutionApplication - Started HumanSolutionApplication in 2.551 seconds (process running for 3.184)
2025-11-13 21:23:21 [http-nio-8080-exec-1] INFO  o.a.c.c.C.[Tomcat].[localhost].[/] - Initializing Spring DispatcherServlet 'dispatcherServlet'
2025-11-13 21:23:21 [http-nio-8080-exec-1] INFO  o.s.web.servlet.DispatcherServlet - Initializing Servlet 'dispatcherServlet'
2025-11-13 21:23:21 [http-nio-8080-exec-1] DEBUG o.s.web.servlet.DispatcherServlet - Detected StandardServletMultipartResolver
2025-11-13 21:23:21 [http-nio-8080-exec-1] DEBUG o.s.web.servlet.DispatcherServlet - Detected AcceptHeaderLocaleResolver
2025-11-13 21:23:21 [http-nio-8080-exec-1] DEBUG o.s.web.servlet.DispatcherServlet - Detected FixedThemeResolver
2025-11-13 21:23:21 [http-nio-8080-exec-1] DEBUG o.s.web.servlet.DispatcherServlet - Detected org.springframework.web.servlet.view.DefaultRequestToViewNameTranslator@12e2f5ab
2025-11-13 21:23:21 [http-nio-8080-exec-1] DEBUG o.s.web.servlet.DispatcherServlet - Detected org.springframework.web.servlet.support.SessionFlashMapManager@839755f
2025-11-13 21:23:21 [http-nio-8080-exec-1] DEBUG o.s.web.servlet.DispatcherServlet - enableLoggingRequestDetails='false': request parameters and headers will be masked to prevent unsafe logging of potentially sensitive data
2025-11-13 21:23:21 [http-nio-8080-exec-1] INFO  o.s.web.servlet.DispatcherServlet - Completed initialization in 2 ms
2025-11-13 21:23:21 [http-nio-8080-exec-1] DEBUG o.s.web.servlet.DispatcherServlet - GET "/api/v1/usuarios", parameters={}
2025-11-13 21:23:21 [http-nio-8080-exec-1] DEBUG o.s.w.s.m.m.a.RequestMappingHandlerMapping - Mapped to co.edu.uco.HumanSolution.controller.UsuarioController#list()
2025-11-13 21:23:21 [http-nio-8080-exec-1] DEBUG o.s.w.s.m.m.a.HttpEntityMethodProcessor - Using 'application/json', given [application/json, text/plain, */*] and supported [application/json, application/*+json]
2025-11-13 21:23:21 [http-nio-8080-exec-1] DEBUG o.s.w.s.m.m.a.HttpEntityMethodProcessor - Writing [[UsuarioDTO{id='0eac9a01-9b08-4389-95ab-24a70c43dde2', documento='10408714473', nombre='dd', correo= (truncated)...]
2025-11-13 21:23:21 [http-nio-8080-exec-1] DEBUG o.s.web.servlet.DispatcherServlet - Completed 200 OK
2025-11-13 21:23:22 [http-nio-8080-exec-4] DEBUG o.s.web.servlet.DispatcherServlet - GET "/api/v1/usuarios", parameters={}
2025-11-13 21:23:22 [http-nio-8080-exec-4] DEBUG o.s.w.s.m.m.a.RequestMappingHandlerMapping - Mapped to co.edu.uco.HumanSolution.controller.UsuarioController#list()
2025-11-13 21:23:22 [http-nio-8080-exec-4] DEBUG o.s.w.s.m.m.a.HttpEntityMethodProcessor - Using 'application/json', given [application/json, text/plain, */*] and supported [application/json, application/*+json]
2025-11-13 21:23:22 [http-nio-8080-exec-4] DEBUG o.s.w.s.m.m.a.HttpEntityMethodProcessor - Writing [[UsuarioDTO{id='0eac9a01-9b08-4389-95ab-24a70c43dde2', documento='10408714473', nombre='dd', correo= (truncated)...]
2025-11-13 21:23:22 [http-nio-8080-exec-4] DEBUG o.s.web.servlet.DispatcherServlet - Completed 200 OK
2025-11-13 21:23:23 [http-nio-8080-exec-3] DEBUG o.s.web.servlet.DispatcherServlet - GET "/api/v1/usuarios", parameters={}
2025-11-13 21:23:23 [http-nio-8080-exec-3] DEBUG o.s.w.s.m.m.a.RequestMappingHandlerMapping - Mapped to co.edu.uco.HumanSolution.controller.UsuarioController#list()
2025-11-13 21:23:23 [http-nio-8080-exec-3] DEBUG o.s.w.s.m.m.a.HttpEntityMethodProcessor - Using 'application/json', given [application/json, text/plain, */*] and supported [application/json, application/*+json]
2025-11-13 21:23:23 [http-nio-8080-exec-3] DEBUG o.s.w.s.m.m.a.HttpEntityMethodProcessor - Writing [[UsuarioDTO{id='0eac9a01-9b08-4389-95ab-24a70c43dde2', documento='10408714473', nombre='dd', correo= (truncated)...]
2025-11-13 21:23:23 [http-nio-8080-exec-3] DEBUG o.s.web.servlet.DispatcherServlet - Completed 200 OK
2025-11-13 21:23:23 [http-nio-8080-exec-2] DEBUG o.s.web.servlet.DispatcherServlet - GET "/api/v1/usuarios", parameters={}
2025-11-13 21:23:23 [http-nio-8080-exec-2] DEBUG o.s.w.s.m.m.a.RequestMappingHandlerMapping - Mapped to co.edu.uco.HumanSolution.controller.UsuarioController#list()
2025-11-13 21:23:23 [http-nio-8080-exec-2] DEBUG o.s.w.s.m.m.a.HttpEntityMethodProcessor - Using 'application/json', given [application/json, text/plain, */*] and supported [application/json, application/*+json]
2025-11-13 21:23:23 [http-nio-8080-exec-2] DEBUG o.s.w.s.m.m.a.HttpEntityMethodProcessor - Writing [[UsuarioDTO{id='0eac9a01-9b08-4389-95ab-24a70c43dde2', documento='10408714473', nombre='dd', correo= (truncated)...]
2025-11-13 21:23:23 [http-nio-8080-exec-2] DEBUG o.s.web.servlet.DispatcherServlet - Completed 200 OK
2025-11-13 21:23:25 [http-nio-8080-exec-5] DEBUG o.s.web.servlet.DispatcherServlet - GET "/api/v1/usuarios", parameters={}
2025-11-13 21:23:25 [http-nio-8080-exec-5] DEBUG o.s.w.s.m.m.a.RequestMappingHandlerMapping - Mapped to co.edu.uco.HumanSolution.controller.UsuarioController#list()
2025-11-13 21:23:25 [http-nio-8080-exec-5] DEBUG o.s.w.s.m.m.a.HttpEntityMethodProcessor - Using 'application/json', given [application/json, text/plain, */*] and supported [application/json, application/*+json]
2025-11-13 21:23:25 [http-nio-8080-exec-5] DEBUG o.s.w.s.m.m.a.HttpEntityMethodProcessor - Writing [[UsuarioDTO{id='0eac9a01-9b08-4389-95ab-24a70c43dde2', documento='10408714473', nombre='dd', correo= (truncated)...]
2025-11-13 21:23:25 [http-nio-8080-exec-5] DEBUG o.s.web.servlet.DispatcherServlet - Completed 200 OK
2025-11-13 21:23:26 [http-nio-8080-exec-6] DEBUG o.s.web.servlet.DispatcherServlet - GET "/api/v1/usuarios", parameters={}
2025-11-13 21:23:26 [http-nio-8080-exec-6] DEBUG o.s.w.s.m.m.a.RequestMappingHandlerMapping - Mapped to co.edu.uco.HumanSolution.controller.UsuarioController#list()
2025-11-13 21:23:26 [http-nio-8080-exec-6] DEBUG o.s.w.s.m.m.a.HttpEntityMethodProcessor - Using 'application/json', given [application/json, text/plain, */*] and supported [application/json, application/*+json]
2025-11-13 21:23:26 [http-nio-8080-exec-6] DEBUG o.s.w.s.m.m.a.HttpEntityMethodProcessor - Writing [[UsuarioDTO{id='0eac9a01-9b08-4389-95ab-24a70c43dde2', documento='10408714473', nombre='dd', correo= (truncated)...]
2025-11-13 21:23:26 [http-nio-8080-exec-6] DEBUG o.s.web.servlet.DispatcherServlet - Completed 200 OK
2025-11-13 21:23:26 [http-nio-8080-exec-7] DEBUG o.s.web.servlet.DispatcherServlet - GET "/api/v1/usuarios", parameters={}
2025-11-13 21:23:26 [http-nio-8080-exec-7] DEBUG o.s.w.s.m.m.a.RequestMappingHandlerMapping - Mapped to co.edu.uco.HumanSolution.controller.UsuarioController#list()
2025-11-13 21:23:26 [http-nio-8080-exec-7] DEBUG o.s.w.s.m.m.a.HttpEntityMethodProcessor - Using 'application/json', given [application/json, text/plain, */*] and supported [application/json, application/*+json]
2025-11-13 21:23:26 [http-nio-8080-exec-7] DEBUG o.s.w.s.m.m.a.HttpEntityMethodProcessor - Writing [[UsuarioDTO{id='0eac9a01-9b08-4389-95ab-24a70c43dde2', documento='10408714473', nombre='dd', correo= (truncated)...]
2025-11-13 21:23:26 [http-nio-8080-exec-7] DEBUG o.s.web.servlet.DispatcherServlet - Completed 200 OK
2025-11-13 21:23:26 [http-nio-8080-exec-8] DEBUG o.s.web.servlet.DispatcherServlet - GET "/api/v1/usuarios", parameters={}
2025-11-13 21:23:26 [http-nio-8080-exec-8] DEBUG o.s.w.s.m.m.a.RequestMappingHandlerMapping - Mapped to co.edu.uco.HumanSolution.controller.UsuarioController#list()
2025-11-13 21:23:26 [http-nio-8080-exec-8] DEBUG o.s.w.s.m.m.a.HttpEntityMethodProcessor - Using 'application/json', given [application/json, text/plain, */*] and supported [application/json, application/*+json]
2025-11-13 21:23:26 [http-nio-8080-exec-8] DEBUG o.s.w.s.m.m.a.HttpEntityMethodProcessor - Writing [[UsuarioDTO{id='0eac9a01-9b08-4389-95ab-24a70c43dde2', documento='10408714473', nombre='dd', correo= (truncated)...]
2025-11-13 21:23:26 [http-nio-8080-exec-8] DEBUG o.s.web.servlet.DispatcherServlet - Completed 200 OK
2025-11-13 21:23:45 [http-nio-8080-exec-9] DEBUG o.s.web.servlet.DispatcherServlet - POST "/api/v1/evaluaciones-desempeno", parameters={}
2025-11-13 21:23:45 [http-nio-8080-exec-9] DEBUG o.s.w.s.m.m.a.RequestMappingHandlerMapping - Mapped to co.edu.uco.HumanSolution.controller.EvaluacionDesempenoController#create(EvaluacionDesempenoDTO)
2025-11-13 21:23:45 [http-nio-8080-exec-9] DEBUG o.s.w.s.m.m.a.RequestResponseBodyMethodProcessor - Read "application/json;charset=UTF-8" to [EvaluacionDesempenoDTO{id='null', usuario=UsuarioDTO{id='b97ab7e6-aa58-43d6-a280-5f0341fd7656', docu (truncated)...]
2025-11-13 21:23:45 [http-nio-8080-exec-9] DEBUG o.s.w.s.m.m.a.HttpEntityMethodProcessor - Using 'application/json', given [application/json, text/plain, */*] and supported [application/json, application/*+json]
2025-11-13 21:23:45 [http-nio-8080-exec-9] DEBUG o.s.w.s.m.m.a.HttpEntityMethodProcessor - Writing [{mensaje=Evaluación de desempeño registrada exitosamente}]
2025-11-13 21:23:45 [http-nio-8080-exec-9] DEBUG o.s.web.servlet.DispatcherServlet - Completed 201 CREATED
